WARNING 2025-10-26 01:18:34,477 database 11480 348 AXES: New login failure by {username: "********************", ip_address: "********************", user_agent: "Mozilla/5.0 (Windows NT 10.0; Win64; x64) AppleWebKit/537.36 (KHTML, like Gecko) Chrome/142.0.0.0 Safari/537.36", path_info: "/admin/login/"}. Created new record in the database.
WARNING 2025-10-26 01:18:59,902 database 11480 348 AXES: Repeated login failure by {username: "********************", ip_address: "********************", user_agent: "Mozilla/5.0 (Windows NT 10.0; Win64; x64) AppleWebKit/537.36 (KHTML, like Gecko) Chrome/142.0.0.0 Safari/537.36", path_info: "/admin/login/"}. Updated existing record in the database.
WARNING 2025-10-26 01:19:37,199 database 11480 348 AXES: Repeated login failure by {username: "********************", ip_address: "********************", user_agent: "Mozilla/5.0 (Windows NT 10.0; Win64; x64) AppleWebKit/537.36 (KHTML, like Gecko) Chrome/142.0.0.0 Safari/537.36", path_info: "/admin/login/"}. Updated existing record in the database.
WARNING 2025-10-26 01:19:39,688 database 11480 348 AXES: Repeated login failure by {username: "********************", ip_address: "********************", user_agent: "Mozilla/5.0 (Windows NT 10.0; Win64; x64) AppleWebKit/537.36 (KHTML, like Gecko) Chrome/142.0.0.0 Safari/537.36", path_info: "/admin/login/"}. Updated existing record in the database.
WARNING 2025-10-26 01:19:41,544 database 11480 348 AXES: Repeated login failure by {username: "********************", ip_address: "********************", user_agent: "Mozilla/5.0 (Windows NT 10.0; Win64; x64) AppleWebKit/537.36 (KHTML, like Gecko) Chrome/142.0.0.0 Safari/537.36", path_info: "/admin/login/"}. Updated existing record in the database.
WARNING 2025-10-26 01:19:41,548 database 11480 348 AXES: Locking out {username: "********************", ip_address: "********************", user_agent: "Mozilla/5.0 (Windows NT 10.0; Win64; x64) AppleWebKit/537.36 (KHTML, like Gecko) Chrome/142.0.0.0 Safari/537.36", path_info: "/admin/login/"} after repeated login failures.
WARNING 2025-10-26 01:19:45,167 database 11480 348 AXES: Repeated login failure by {username: "********************", ip_address: "********************", user_agent: "Mozilla/5.0 (Windows NT 10.0; Win64; x64) AppleWebKit/537.36 (KHTML, like Gecko) Chrome/142.0.0.0 Safari/537.36", path_info: "/admin/login/"}. Updated existing record in the database.
WARNING 2025-10-26 01:19:45,171 database 11480 348 AXES: Locking out {username: "********************", ip_address: "********************", user_agent: "Mozilla/5.0 (Windows NT 10.0; Win64; x64) AppleWebKit/537.36 (KHTML, like Gecko) Chrome/142.0.0.0 Safari/537.36", path_info: "/admin/login/"} after repeated login failures.
WARNING 2025-10-26 01:20:23,546 database 11480 25972 AXES: Repeated login failure by {username: "********************", ip_address: "********************", user_agent: "Mozilla/5.0 (Windows NT 10.0; Win64; x64) AppleWebKit/537.36 (KHTML, like Gecko) Chrome/142.0.0.0 Safari/537.36", path_info: "/admin/login/"}. Updated existing record in the database.
WARNING 2025-10-26 01:20:23,549 database 11480 25972 AXES: Locking out {username: "********************", ip_address: "********************", user_agent: "Mozilla/5.0 (Windows NT 10.0; Win64; x64) AppleWebKit/537.36 (KHTML, like Gecko) Chrome/142.0.0.0 Safari/537.36", path_info: "/admin/login/"} after repeated login failures.
WARNING 2025-10-26 01:20:54,265 database 11480 25972 AXES: Repeated login failure by {username: "********************", ip_address: "********************", user_agent: "Mozilla/5.0 (Windows NT 10.0; Win64; x64) AppleWebKit/537.36 (KHTML, like Gecko) Chrome/142.0.0.0 Safari/537.36", path_info: "/admin/login/"}. Updated existing record in the database.
WARNING 2025-10-26 01:20:54,268 database 11480 25972 AXES: Locking out {username: "********************", ip_address: "********************", user_agent: "Mozilla/5.0 (Windows NT 10.0; Win64; x64) AppleWebKit/537.36 (KHTML, like Gecko) Chrome/142.0.0.0 Safari/537.36", path_info: "/admin/login/"} after repeated login failures.
WARNING 2025-10-26 11:16:36,253 log 5196 19128 Forbidden (CSRF token from POST incorrect.): /elevix/login/
WARNING 2025-10-26 11:19:23,324 log 19916 20852 Forbidden (CSRF token from POST incorrect.): /elevix/login/
WARNING 2025-10-26 11:30:02,914 log 15680 3612 Forbidden (CSRF token from POST incorrect.): /elevix/login/
WARNING 2025-10-26 11:48:32,802 log 15684 204 Forbidden (CSRF token from POST incorrect.): /elevix/login/
WARNING 2025-10-26 11:48:53,649 log 15684 4332 Forbidden (CSRF token from POST incorrect.): /elevix/login/
WARNING 2025-10-26 11:49:23,417 log 15684 15812 Forbidden (CSRF token from POST incorrect.): /elevix/login/
WARNING 2025-10-26 11:58:57,248 database 5704 20868 AXES: New login failure by {username: "********************", ip_address: "********************", user_agent: "Mozilla/5.0 (Windows NT 10.0; Win64; x64) AppleWebKit/537.36 (KHTML, like Gecko) Chrome/142.0.0.0 Safari/537.36", path_info: "/elevix/login/"}. Created new record in the database.
WARNING 2025-10-26 12:00:11,052 log 5704 18340 Forbidden (CSRF token from POST incorrect.): /admin/login/
WARNING 2025-10-26 12:00:13,877 log 5704 18340 Forbidden (CSRF token from POST incorrect.): /admin/login/
WARNING 2025-10-26 12:01:16,261 log 5704 4648 Forbidden (CSRF token from POST incorrect.): /elevix/login/
WARNING 2025-10-26 12:01:18,774 log 5704 4648 Forbidden (CSRF token from POST incorrect.): /elevix/login/
WARNING 2025-10-26 12:01:25,531 database 5704 18340 AXES: New login failure by {username: "********************", ip_address: "********************", user_agent: "Mozilla/5.0 (Windows NT 10.0; Win64; x64) AppleWebKit/537.36 (KHTML, like Gecko) Chrome/142.0.0.0 Safari/537.36", path_info: "/elevix/login/"}. Created new record in the database.
WARNING 2025-10-26 12:01:42,935 database 5704 5624 AXES: Repeated login failure by {username: "********************", ip_address: "********************", user_agent: "Mozilla/5.0 (Windows NT 10.0; Win64; x64) AppleWebKit/537.36 (KHTML, like Gecko) Chrome/142.0.0.0 Safari/537.36", path_info: "/elevix/login/"}. Updated existing record in the database.
WARNING 2025-10-26 12:02:19,185 database 5704 4648 AXES: Repeated login failure by {username: "********************", ip_address: "********************", user_agent: "Mozilla/5.0 (Windows NT 10.0; Win64; x64) AppleWebKit/537.36 (KHTML, like Gecko) Chrome/142.0.0.0 Safari/537.36", path_info: "/elevix/login/"}. Updated existing record in the database.
WARNING 2025-10-26 12:02:28,071 database 5704 2848 AXES: Repeated login failure by {username: "********************", ip_address: "********************", user_agent: "Mozilla/5.0 (Windows NT 10.0; Win64; x64) AppleWebKit/537.36 (KHTML, like Gecko) Chrome/142.0.0.0 Safari/537.36", path_info: "/elevix/login/"}. Updated existing record in the database.
WARNING 2025-10-26 12:11:31,955 log 16488 20152 Forbidden (CSRF token from POST incorrect.): /admin/login/
WARNING 2025-10-26 12:11:34,567 log 16488 20152 Forbidden (CSRF token from POST incorrect.): /admin/login/
WARNING 2025-11-22 22:45:16,504 log 13460 2236 Forbidden (CSRF token from POST incorrect.): /accounts/login/
WARNING 2025-11-22 22:49:02,921 log 6716 16248 Forbidden (CSRF token from POST incorrect.): /accounts/login/
WARNING 2025-11-22 22:50:06,507 log 13964 21256 Forbidden (CSRF token from POST incorrect.): /accounts/login/
WARNING 2025-11-22 22:51:21,869 log 10204 17764 Forbidden (CSRF token from POST incorrect.): /accounts/login/
ERROR 2025-12-04 21:29:00,182 exception 9296 9456 Invalid HTTP_HOST header: '4ec2f86105b8.ngrok-free.app'. You may need to add '4ec2f86105b8.ngrok-free.app' to ALLOWED_HOSTS.
Traceback (most recent call last):
  File "D:\G\venv\Lib\site-packages\django\core\handlers\exception.py", line 55, in inner
    response = get_response(request)
  File "D:\G\venv\Lib\site-packages\django\utils\deprecation.py", line 128, in __call__
    response = self.process_request(request)
  File "D:\G\venv\Lib\site-packages\django\middleware\common.py", line 48, in process_request
    host = request.get_host()
  File "D:\G\venv\Lib\site-packages\django\http\request.py", line 151, in get_host
    raise DisallowedHost(msg)
django.core.exceptions.DisallowedHost: Invalid HTTP_HOST header: '4ec2f86105b8.ngrok-free.app'. You may need to add '4ec2f86105b8.ngrok-free.app' to ALLOWED_HOSTS.
ERROR 2025-12-04 21:29:04,167 exception 9296 10412 Invalid HTTP_HOST header: '4ec2f86105b8.ngrok-free.app'. You may need to add '4ec2f86105b8.ngrok-free.app' to ALLOWED_HOSTS.
Traceback (most recent call last):
  File "D:\G\venv\Lib\site-packages\django\core\handlers\exception.py", line 55, in inner
    response = get_response(request)
  File "D:\G\venv\Lib\site-packages\django\utils\deprecation.py", line 128, in __call__
    response = self.process_request(request)
  File "D:\G\venv\Lib\site-packages\django\middleware\common.py", line 48, in process_request
    host = request.get_host()
  File "D:\G\venv\Lib\site-packages\django\http\request.py", line 151, in get_host
    raise DisallowedHost(msg)
django.core.exceptions.DisallowedHost: Invalid HTTP_HOST header: '4ec2f86105b8.ngrok-free.app'. You may need to add '4ec2f86105b8.ngrok-free.app' to ALLOWED_HOSTS.
ERROR 2025-12-04 21:29:04,810 exception 9296 16824 Invalid HTTP_HOST header: '4ec2f86105b8.ngrok-free.app'. You may need to add '4ec2f86105b8.ngrok-free.app' to ALLOWED_HOSTS.
Traceback (most recent call last):
  File "D:\G\venv\Lib\site-packages\django\core\handlers\exception.py", line 55, in inner
    response = get_response(request)
  File "D:\G\venv\Lib\site-packages\django\utils\deprecation.py", line 128, in __call__
    response = self.process_request(request)
  File "D:\G\venv\Lib\site-packages\django\middleware\common.py", line 48, in process_request
    host = request.get_host()
  File "D:\G\venv\Lib\site-packages\django\http\request.py", line 151, in get_host
    raise DisallowedHost(msg)
django.core.exceptions.DisallowedHost: Invalid HTTP_HOST header: '4ec2f86105b8.ngrok-free.app'. You may need to add '4ec2f86105b8.ngrok-free.app' to ALLOWED_HOSTS.
ERROR 2025-12-04 21:29:25,229 exception 9296 4588 Invalid HTTP_HOST header: '4ec2f86105b8.ngrok-free.app'. You may need to add '4ec2f86105b8.ngrok-free.app' to ALLOWED_HOSTS.
Traceback (most recent call last):
  File "D:\G\venv\Lib\site-packages\django\core\handlers\exception.py", line 55, in inner
    response = get_response(request)
  File "D:\G\venv\Lib\site-packages\django\utils\deprecation.py", line 128, in __call__
    response = self.process_request(request)
  File "D:\G\venv\Lib\site-packages\django\middleware\common.py", line 48, in process_request
    host = request.get_host()
  File "D:\G\venv\Lib\site-packages\django\http\request.py", line 151, in get_host
    raise DisallowedHost(msg)
django.core.exceptions.DisallowedHost: Invalid HTTP_HOST header: '4ec2f86105b8.ngrok-free.app'. You may need to add '4ec2f86105b8.ngrok-free.app' to ALLOWED_HOSTS.
ERROR 2025-12-04 21:29:25,579 exception 9296 20332 Invalid HTTP_HOST header: '4ec2f86105b8.ngrok-free.app'. You may need to add '4ec2f86105b8.ngrok-free.app' to ALLOWED_HOSTS.
Traceback (most recent call last):
  File "D:\G\venv\Lib\site-packages\django\core\handlers\exception.py", line 55, in inner
    response = get_response(request)
  File "D:\G\venv\Lib\site-packages\django\utils\deprecation.py", line 128, in __call__
    response = self.process_request(request)
  File "D:\G\venv\Lib\site-packages\django\middleware\common.py", line 48, in process_request
    host = request.get_host()
  File "D:\G\venv\Lib\site-packages\django\http\request.py", line 151, in get_host
    raise DisallowedHost(msg)
django.core.exceptions.DisallowedHost: Invalid HTTP_HOST header: '4ec2f86105b8.ngrok-free.app'. You may need to add '4ec2f86105b8.ngrok-free.app' to ALLOWED_HOSTS.
ERROR 2025-12-04 21:30:45,835 exception 9296 10060 Invalid HTTP_HOST header: '4ec2f86105b8.ngrok-free.app'. You may need to add '4ec2f86105b8.ngrok-free.app' to ALLOWED_HOSTS.
Traceback (most recent call last):
  File "D:\G\venv\Lib\site-packages\django\core\handlers\exception.py", line 55, in inner
    response = get_response(request)
  File "D:\G\venv\Lib\site-packages\django\utils\deprecation.py", line 128, in __call__
    response = self.process_request(request)
  File "D:\G\venv\Lib\site-packages\django\middleware\common.py", line 48, in process_request
    host = request.get_host()
  File "D:\G\venv\Lib\site-packages\django\http\request.py", line 151, in get_host
    raise DisallowedHost(msg)
django.core.exceptions.DisallowedHost: Invalid HTTP_HOST header: '4ec2f86105b8.ngrok-free.app'. You may need to add '4ec2f86105b8.ngrok-free.app' to ALLOWED_HOSTS.
ERROR 2025-12-04 21:30:46,364 exception 9296 15200 Invalid HTTP_HOST header: '4ec2f86105b8.ngrok-free.app'. You may need to add '4ec2f86105b8.ngrok-free.app' to ALLOWED_HOSTS.
Traceback (most recent call last):
  File "D:\G\venv\Lib\site-packages\django\core\handlers\exception.py", line 55, in inner
    response = get_response(request)
  File "D:\G\venv\Lib\site-packages\django\utils\deprecation.py", line 128, in __call__
    response = self.process_request(request)
  File "D:\G\venv\Lib\site-packages\django\middleware\common.py", line 48, in process_request
    host = request.get_host()
  File "D:\G\venv\Lib\site-packages\django\http\request.py", line 151, in get_host
    raise DisallowedHost(msg)
django.core.exceptions.DisallowedHost: Invalid HTTP_HOST header: '4ec2f86105b8.ngrok-free.app'. You may need to add '4ec2f86105b8.ngrok-free.app' to ALLOWED_HOSTS.
